<?xml version="1.0" encoding="UTF-8"?>
<!-- Generated by org.testng.reporters.JUnitReportReporter -->
<testsuite skipped="0" hostname="Srija-SK" name="Login" tests="1" failures="0" timestamp="2021-12-14T19:01:33 IST" time="25.887" errors="0">
  <testcase name="base" time="25.887" classname="Login"/>
  <system-out/>
</testsuite> <!-- Login -->
